2020-11-10 08:14:12.666  INFO 13136 --- [main] com.example.blog.BlogApplication         : Starting BlogApplication on DESKTOP-QFFBKVU with PID 13136 (D:\blog\target\classes started by wangwei in D:\blog)
2020-11-10 08:14:12.673  INFO 13136 --- [main] com.example.blog.BlogApplication         : No active profile set, falling back to default profiles: default
2020-11-10 08:14:13.273  WARN 13136 --- [main] o.m.s.mapper.ClassPathMapperScanner      : No MyBatis mapper was found in '[com.example.blog]' package. Please check your configuration.
2020-11-10 08:14:14.193  INFO 13136 --- [main] o.s.b.w.embedded.tomcat.TomcatWebServer  : Tomcat initialized with port(s): 8080 (http)
2020-11-10 08:14:14.202  INFO 13136 --- [main] o.apache.catalina.core.StandardService   : Starting service [Tomcat]
2020-11-10 08:14:14.203  INFO 13136 --- [main] org.apache.catalina.core.StandardEngine  : Starting Servlet engine: [Apache Tomcat/9.0.39]
2020-11-10 08:14:14.334  INFO 13136 --- [main] o.a.c.c.C.[Tomcat].[localhost].[/]       : Initializing Spring embedded WebApplicationContext
2020-11-10 08:14:14.335  INFO 13136 --- [main] w.s.c.ServletWebServerApplicationContext : Root WebApplicationContext: initialization completed in 1614 ms
2020-11-10 08:14:15.039  INFO 13136 --- [main] o.s.s.concurrent.ThreadPoolTaskExecutor  : Initializing ExecutorService 'applicationTaskExecutor'
2020-11-10 08:14:15.186  INFO 13136 --- [main] o.s.b.a.w.s.WelcomePageHandlerMapping    : Adding welcome page template: index
2020-11-10 08:14:15.771  INFO 13136 --- [main] o.s.b.w.embedded.tomcat.TomcatWebServer  : Tomcat started on port(s): 8080 (http) with context path ''
2020-11-10 08:14:15.780  INFO 13136 --- [main] com.example.blog.BlogApplication         : Started BlogApplication in 3.622 seconds (JVM running for 5.444)
2020-11-10 08:14:20.882  INFO 13136 --- [http-nio-8080-exec-1] o.a.c.c.C.[Tomcat].[localhost].[/]       : Initializing Spring DispatcherServlet 'dispatcherServlet'
2020-11-10 08:14:20.883  INFO 13136 --- [http-nio-8080-exec-1] o.s.web.servlet.DispatcherServlet        : Initializing Servlet 'dispatcherServlet'
2020-11-10 08:14:20.892  INFO 13136 --- [http-nio-8080-exec-1] o.s.web.servlet.DispatcherServlet        : Completed initialization in 9 ms
2020-11-10 08:18:37.450  INFO 9768 --- [main] com.example.blog.BlogApplication         : Starting BlogApplication on DESKTOP-QFFBKVU with PID 9768 (D:\blog\target\classes started by wangwei in D:\blog)
2020-11-10 08:18:37.454  INFO 9768 --- [main] com.example.blog.BlogApplication         : No active profile set, falling back to default profiles: default
2020-11-10 08:18:38.009  WARN 9768 --- [main] o.m.s.mapper.ClassPathMapperScanner      : No MyBatis mapper was found in '[com.example.blog]' package. Please check your configuration.
2020-11-10 08:18:38.625  INFO 9768 --- [main] o.s.b.w.embedded.tomcat.TomcatWebServer  : Tomcat initialized with port(s): 8080 (http)
2020-11-10 08:18:38.634  INFO 9768 --- [main] o.apache.catalina.core.StandardService   : Starting service [Tomcat]
2020-11-10 08:18:38.634  INFO 9768 --- [main] org.apache.catalina.core.StandardEngine  : Starting Servlet engine: [Apache Tomcat/9.0.39]
2020-11-10 08:18:38.717  INFO 9768 --- [main] o.a.c.c.C.[Tomcat].[localhost].[/]       : Initializing Spring embedded WebApplicationContext
2020-11-10 08:18:38.717  INFO 9768 --- [main] w.s.c.ServletWebServerApplicationContext : Root WebApplicationContext: initialization completed in 1212 ms
2020-11-10 08:18:39.129  INFO 9768 --- [main] o.s.s.concurrent.ThreadPoolTaskExecutor  : Initializing ExecutorService 'applicationTaskExecutor'
2020-11-10 08:18:39.224  INFO 9768 --- [main] o.s.b.a.w.s.WelcomePageHandlerMapping    : Adding welcome page template: index
2020-11-10 08:18:39.520  INFO 9768 --- [main] o.s.b.w.embedded.tomcat.TomcatWebServer  : Tomcat started on port(s): 8080 (http) with context path ''
2020-11-10 08:18:39.527  INFO 9768 --- [main] com.example.blog.BlogApplication         : Started BlogApplication in 2.488 seconds (JVM running for 4.125)
2020-11-10 08:18:42.507  INFO 9768 --- [http-nio-8080-exec-1] o.a.c.c.C.[Tomcat].[localhost].[/]       : Initializing Spring DispatcherServlet 'dispatcherServlet'
2020-11-10 08:18:42.509  INFO 9768 --- [http-nio-8080-exec-1] o.s.web.servlet.DispatcherServlet        : Initializing Servlet 'dispatcherServlet'
2020-11-10 08:18:42.529  INFO 9768 --- [http-nio-8080-exec-1] o.s.web.servlet.DispatcherServlet        : Completed initialization in 20 ms
2020-11-10 08:25:50.539  INFO 18356 --- [main] com.example.blog.BlogApplication         : Starting BlogApplication on DESKTOP-QFFBKVU with PID 18356 (D:\blog\target\classes started by wangwei in D:\blog)
2020-11-10 08:25:50.544  INFO 18356 --- [main] com.example.blog.BlogApplication         : No active profile set, falling back to default profiles: default
2020-11-10 08:25:51.190  WARN 18356 --- [main] o.m.s.mapper.ClassPathMapperScanner      : No MyBatis mapper was found in '[com.example.blog]' package. Please check your configuration.
2020-11-10 08:25:51.773  INFO 18356 --- [main] o.s.b.w.embedded.tomcat.TomcatWebServer  : Tomcat initialized with port(s): 8080 (http)
2020-11-10 08:25:51.782  INFO 18356 --- [main] o.apache.catalina.core.StandardService   : Starting service [Tomcat]
2020-11-10 08:25:51.783  INFO 18356 --- [main] org.apache.catalina.core.StandardEngine  : Starting Servlet engine: [Apache Tomcat/9.0.39]
2020-11-10 08:25:51.864  INFO 18356 --- [main] o.a.c.c.C.[Tomcat].[localhost].[/]       : Initializing Spring embedded WebApplicationContext
2020-11-10 08:25:51.865  INFO 18356 --- [main] w.s.c.ServletWebServerApplicationContext : Root WebApplicationContext: initialization completed in 1270 ms
2020-11-10 08:25:52.432  INFO 18356 --- [main] o.s.s.concurrent.ThreadPoolTaskExecutor  : Initializing ExecutorService 'applicationTaskExecutor'
2020-11-10 08:25:52.548  INFO 18356 --- [main] o.s.b.a.w.s.WelcomePageHandlerMapping    : Adding welcome page template: index
2020-11-10 08:25:52.918  INFO 18356 --- [main] o.s.b.w.embedded.tomcat.TomcatWebServer  : Tomcat started on port(s): 8080 (http) with context path ''
2020-11-10 08:25:52.936  INFO 18356 --- [main] com.example.blog.BlogApplication         : Started BlogApplication in 2.847 seconds (JVM running for 4.604)
2020-11-10 08:25:56.364  INFO 18356 --- [http-nio-8080-exec-1] o.a.c.c.C.[Tomcat].[localhost].[/]       : Initializing Spring DispatcherServlet 'dispatcherServlet'
2020-11-10 08:25:56.365  INFO 18356 --- [http-nio-8080-exec-1] o.s.web.servlet.DispatcherServlet        : Initializing Servlet 'dispatcherServlet'
2020-11-10 08:25:56.374  INFO 18356 --- [http-nio-8080-exec-1] o.s.web.servlet.DispatcherServlet        : Completed initialization in 9 ms
2020-11-10 08:40:54.924  INFO 6656 --- [main] com.example.blog.BlogApplication         : Starting BlogApplication on DESKTOP-QFFBKVU with PID 6656 (D:\blog\target\classes started by wangwei in D:\blog)
2020-11-10 08:40:54.928  INFO 6656 --- [main] com.example.blog.BlogApplication         : No active profile set, falling back to default profiles: default
2020-11-10 08:40:55.488  WARN 6656 --- [main] o.m.s.mapper.ClassPathMapperScanner      : No MyBatis mapper was found in '[com.example.blog]' package. Please check your configuration.
2020-11-10 08:40:56.124  INFO 6656 --- [main] o.s.b.w.embedded.tomcat.TomcatWebServer  : Tomcat initialized with port(s): 8080 (http)
2020-11-10 08:40:56.135  INFO 6656 --- [main] o.apache.catalina.core.StandardService   : Starting service [Tomcat]
2020-11-10 08:40:56.135  INFO 6656 --- [main] org.apache.catalina.core.StandardEngine  : Starting Servlet engine: [Apache Tomcat/9.0.39]
2020-11-10 08:40:56.230  INFO 6656 --- [main] o.a.c.c.C.[Tomcat].[localhost].[/]       : Initializing Spring embedded WebApplicationContext
2020-11-10 08:40:56.230  INFO 6656 --- [main] w.s.c.ServletWebServerApplicationContext : Root WebApplicationContext: initialization completed in 1255 ms
2020-11-10 08:40:56.731  INFO 6656 --- [main] o.s.s.concurrent.ThreadPoolTaskExecutor  : Initializing ExecutorService 'applicationTaskExecutor'
2020-11-10 08:40:56.826  INFO 6656 --- [main] o.s.b.a.w.s.WelcomePageHandlerMapping    : Adding welcome page template: index
2020-11-10 08:40:57.246  INFO 6656 --- [main] o.s.b.w.embedded.tomcat.TomcatWebServer  : Tomcat started on port(s): 8080 (http) with context path ''
2020-11-10 08:40:57.254  INFO 6656 --- [main] com.example.blog.BlogApplication         : Started BlogApplication in 2.727 seconds (JVM running for 4.514)
2020-11-10 08:41:03.276  INFO 6656 --- [http-nio-8080-exec-1] o.a.c.c.C.[Tomcat].[localhost].[/]       : Initializing Spring DispatcherServlet 'dispatcherServlet'
2020-11-10 08:41:03.276  INFO 6656 --- [http-nio-8080-exec-1] o.s.web.servlet.DispatcherServlet        : Initializing Servlet 'dispatcherServlet'
2020-11-10 08:41:03.290  INFO 6656 --- [http-nio-8080-exec-1] o.s.web.servlet.DispatcherServlet        : Completed initialization in 14 ms
2020-11-10 09:01:51.049  INFO 1112 --- [main] com.example.blog.BlogApplication         : Starting BlogApplication on DESKTOP-QFFBKVU with PID 1112 (D:\blog\target\classes started by wangwei in D:\blog)
2020-11-10 09:01:51.053  INFO 1112 --- [main] com.example.blog.BlogApplication         : No active profile set, falling back to default profiles: default
2020-11-10 09:01:51.571  WARN 1112 --- [main] o.m.s.mapper.ClassPathMapperScanner      : No MyBatis mapper was found in '[com.example.blog]' package. Please check your configuration.
2020-11-10 09:01:52.151  INFO 1112 --- [main] o.s.b.w.embedded.tomcat.TomcatWebServer  : Tomcat initialized with port(s): 8080 (http)
2020-11-10 09:01:52.159  INFO 1112 --- [main] o.apache.catalina.core.StandardService   : Starting service [Tomcat]
2020-11-10 09:01:52.159  INFO 1112 --- [main] org.apache.catalina.core.StandardEngine  : Starting Servlet engine: [Apache Tomcat/9.0.39]
2020-11-10 09:01:52.349  INFO 1112 --- [main] o.a.c.c.C.[Tomcat].[localhost].[/]       : Initializing Spring embedded WebApplicationContext
2020-11-10 09:01:52.349  INFO 1112 --- [main] w.s.c.ServletWebServerApplicationContext : Root WebApplicationContext: initialization completed in 1253 ms
2020-11-10 09:01:53.093  INFO 1112 --- [main] o.s.s.concurrent.ThreadPoolTaskExecutor  : Initializing ExecutorService 'applicationTaskExecutor'
2020-11-10 09:01:53.194  INFO 1112 --- [main] o.s.b.a.w.s.WelcomePageHandlerMapping    : Adding welcome page template: index
2020-11-10 09:01:53.500  INFO 1112 --- [main] o.s.b.w.embedded.tomcat.TomcatWebServer  : Tomcat started on port(s): 8080 (http) with context path ''
2020-11-10 09:01:53.508  INFO 1112 --- [main] com.example.blog.BlogApplication         : Started BlogApplication in 2.862 seconds (JVM running for 4.472)
2020-11-10 09:01:55.335  INFO 1112 --- [http-nio-8080-exec-1] o.a.c.c.C.[Tomcat].[localhost].[/]       : Initializing Spring DispatcherServlet 'dispatcherServlet'
2020-11-10 09:01:55.336  INFO 1112 --- [http-nio-8080-exec-1] o.s.web.servlet.DispatcherServlet        : Initializing Servlet 'dispatcherServlet'
2020-11-10 09:01:55.346  INFO 1112 --- [http-nio-8080-exec-1] o.s.web.servlet.DispatcherServlet        : Completed initialization in 10 ms
2020-11-10 09:07:29.524  INFO 824 --- [main] com.example.blog.BlogApplication         : Starting BlogApplication on DESKTOP-QFFBKVU with PID 824 (D:\blog\target\classes started by wangwei in D:\blog)
2020-11-10 09:07:29.526  INFO 824 --- [main] com.example.blog.BlogApplication         : No active profile set, falling back to default profiles: default
2020-11-10 09:07:30.087  WARN 824 --- [main] o.m.s.mapper.ClassPathMapperScanner      : No MyBatis mapper was found in '[com.example.blog]' package. Please check your configuration.
2020-11-10 09:07:30.751  INFO 824 --- [main] o.s.b.w.embedded.tomcat.TomcatWebServer  : Tomcat initialized with port(s): 8080 (http)
2020-11-10 09:07:30.758  INFO 824 --- [main] o.apache.catalina.core.StandardService   : Starting service [Tomcat]
2020-11-10 09:07:30.758  INFO 824 --- [main] org.apache.catalina.core.StandardEngine  : Starting Servlet engine: [Apache Tomcat/9.0.39]
2020-11-10 09:07:30.892  INFO 824 --- [main] o.a.c.c.C.[Tomcat].[localhost].[/]       : Initializing Spring embedded WebApplicationContext
2020-11-10 09:07:30.893  INFO 824 --- [main] w.s.c.ServletWebServerApplicationContext : Root WebApplicationContext: initialization completed in 1316 ms
2020-11-10 09:07:31.745  INFO 824 --- [main] o.s.s.concurrent.ThreadPoolTaskExecutor  : Initializing ExecutorService 'applicationTaskExecutor'
2020-11-10 09:07:31.860  INFO 824 --- [main] o.s.b.a.w.s.WelcomePageHandlerMapping    : Adding welcome page template: index
2020-11-10 09:07:32.351  INFO 824 --- [main] o.s.b.w.embedded.tomcat.TomcatWebServer  : Tomcat started on port(s): 8080 (http) with context path ''
2020-11-10 09:07:32.375  INFO 824 --- [main] com.example.blog.BlogApplication         : Started BlogApplication in 3.253 seconds (JVM running for 4.937)
2020-11-10 09:07:37.343  INFO 824 --- [http-nio-8080-exec-1] o.a.c.c.C.[Tomcat].[localhost].[/]       : Initializing Spring DispatcherServlet 'dispatcherServlet'
2020-11-10 09:07:37.344  INFO 824 --- [http-nio-8080-exec-1] o.s.web.servlet.DispatcherServlet        : Initializing Servlet 'dispatcherServlet'
2020-11-10 09:07:37.355  INFO 824 --- [http-nio-8080-exec-1] o.s.web.servlet.DispatcherServlet        : Completed initialization in 11 ms
2020-11-10 09:14:12.381  INFO 12624 --- [main] com.example.blog.BlogApplication         : Starting BlogApplication on DESKTOP-QFFBKVU with PID 12624 (D:\blog\target\classes started by wangwei in D:\blog)
2020-11-10 09:14:12.384  INFO 12624 --- [main] com.example.blog.BlogApplication         : No active profile set, falling back to default profiles: default
2020-11-10 09:14:12.939  WARN 12624 --- [main] o.m.s.mapper.ClassPathMapperScanner      : No MyBatis mapper was found in '[com.example.blog]' package. Please check your configuration.
2020-11-10 09:14:13.515  INFO 12624 --- [main] o.s.b.w.embedded.tomcat.TomcatWebServer  : Tomcat initialized with port(s): 8080 (http)
2020-11-10 09:14:13.522  INFO 12624 --- [main] o.apache.catalina.core.StandardService   : Starting service [Tomcat]
2020-11-10 09:14:13.523  INFO 12624 --- [main] org.apache.catalina.core.StandardEngine  : Starting Servlet engine: [Apache Tomcat/9.0.39]
2020-11-10 09:14:13.626  INFO 12624 --- [main] o.a.c.c.C.[Tomcat].[localhost].[/]       : Initializing Spring embedded WebApplicationContext
2020-11-10 09:14:13.628  INFO 12624 --- [main] w.s.c.ServletWebServerApplicationContext : Root WebApplicationContext: initialization completed in 1198 ms
2020-11-10 09:14:14.176  INFO 12624 --- [main] o.s.s.concurrent.ThreadPoolTaskExecutor  : Initializing ExecutorService 'applicationTaskExecutor'
2020-11-10 09:14:14.281  INFO 12624 --- [main] o.s.b.a.w.s.WelcomePageHandlerMapping    : Adding welcome page template: index
2020-11-10 09:14:14.734  INFO 12624 --- [main] o.s.b.w.embedded.tomcat.TomcatWebServer  : Tomcat started on port(s): 8080 (http) with context path ''
2020-11-10 09:14:14.744  INFO 12624 --- [main] com.example.blog.BlogApplication         : Started BlogApplication in 2.764 seconds (JVM running for 4.354)
2020-11-10 09:14:45.365  INFO 12624 --- [http-nio-8080-exec-1] o.a.c.c.C.[Tomcat].[localhost].[/]       : Initializing Spring DispatcherServlet 'dispatcherServlet'
2020-11-10 09:14:45.366  INFO 12624 --- [http-nio-8080-exec-1] o.s.web.servlet.DispatcherServlet        : Initializing Servlet 'dispatcherServlet'
2020-11-10 09:14:45.381  INFO 12624 --- [http-nio-8080-exec-1] o.s.web.servlet.DispatcherServlet        : Completed initialization in 15 ms
2020-11-10 09:30:57.381  INFO 6688 --- [main] com.example.blog.BlogApplication         : Starting BlogApplication on DESKTOP-QFFBKVU with PID 6688 (D:\blog\target\classes started by wangwei in D:\blog)
2020-11-10 09:30:57.384  INFO 6688 --- [main] com.example.blog.BlogApplication         : No active profile set, falling back to default profiles: default
2020-11-10 09:30:57.918  WARN 6688 --- [main] o.m.s.mapper.ClassPathMapperScanner      : No MyBatis mapper was found in '[com.example.blog]' package. Please check your configuration.
2020-11-10 09:30:58.719  INFO 6688 --- [main] o.s.b.w.embedded.tomcat.TomcatWebServer  : Tomcat initialized with port(s): 8080 (http)
2020-11-10 09:30:58.729  INFO 6688 --- [main] o.apache.catalina.core.StandardService   : Starting service [Tomcat]
2020-11-10 09:30:58.729  INFO 6688 --- [main] org.apache.catalina.core.StandardEngine  : Starting Servlet engine: [Apache Tomcat/9.0.39]
2020-11-10 09:30:58.805  INFO 6688 --- [main] o.a.c.c.C.[Tomcat].[localhost].[/]       : Initializing Spring embedded WebApplicationContext
2020-11-10 09:30:58.805  INFO 6688 --- [main] w.s.c.ServletWebServerApplicationContext : Root WebApplicationContext: initialization completed in 1374 ms
2020-11-10 09:30:59.311  INFO 6688 --- [main] o.s.s.concurrent.ThreadPoolTaskExecutor  : Initializing ExecutorService 'applicationTaskExecutor'
2020-11-10 09:30:59.402  INFO 6688 --- [main] o.s.b.a.w.s.WelcomePageHandlerMapping    : Adding welcome page template: index
2020-11-10 09:30:59.762  INFO 6688 --- [main] o.s.b.w.embedded.tomcat.TomcatWebServer  : Tomcat started on port(s): 8080 (http) with context path ''
2020-11-10 09:30:59.787  INFO 6688 --- [main] com.example.blog.BlogApplication         : Started BlogApplication in 2.834 seconds (JVM running for 4.59)
2020-11-10 09:31:07.760  INFO 6688 --- [http-nio-8080-exec-1] o.a.c.c.C.[Tomcat].[localhost].[/]       : Initializing Spring DispatcherServlet 'dispatcherServlet'
2020-11-10 09:31:07.761  INFO 6688 --- [http-nio-8080-exec-1] o.s.web.servlet.DispatcherServlet        : Initializing Servlet 'dispatcherServlet'
2020-11-10 09:31:07.775  INFO 6688 --- [http-nio-8080-exec-1] o.s.web.servlet.DispatcherServlet        : Completed initialization in 14 ms
2020-11-10 09:33:02.559  INFO 14832 --- [main] com.example.blog.BlogApplication         : Starting BlogApplication on DESKTOP-QFFBKVU with PID 14832 (D:\blog\target\classes started by wangwei in D:\blog)
2020-11-10 09:33:02.562  INFO 14832 --- [main] com.example.blog.BlogApplication         : No active profile set, falling back to default profiles: default
2020-11-10 09:33:03.102  WARN 14832 --- [main] o.m.s.mapper.ClassPathMapperScanner      : No MyBatis mapper was found in '[com.example.blog]' package. Please check your configuration.
2020-11-10 09:33:03.837  INFO 14832 --- [main] o.s.b.w.embedded.tomcat.TomcatWebServer  : Tomcat initialized with port(s): 8080 (http)
2020-11-10 09:33:03.857  INFO 14832 --- [main] o.apache.catalina.core.StandardService   : Starting service [Tomcat]
2020-11-10 09:33:03.857  INFO 14832 --- [main] org.apache.catalina.core.StandardEngine  : Starting Servlet engine: [Apache Tomcat/9.0.39]
2020-11-10 09:33:04.016  INFO 14832 --- [main] o.a.c.c.C.[Tomcat].[localhost].[/]       : Initializing Spring embedded WebApplicationContext
2020-11-10 09:33:04.017  INFO 14832 --- [main] w.s.c.ServletWebServerApplicationContext : Root WebApplicationContext: initialization completed in 1410 ms
2020-11-10 09:33:04.677  INFO 14832 --- [main] o.s.s.concurrent.ThreadPoolTaskExecutor  : Initializing ExecutorService 'applicationTaskExecutor'
2020-11-10 09:33:04.846  INFO 14832 --- [main] o.s.b.a.w.s.WelcomePageHandlerMapping    : Adding welcome page template: index
2020-11-10 09:33:05.549  INFO 14832 --- [main] o.s.b.w.embedded.tomcat.TomcatWebServer  : Tomcat started on port(s): 8080 (http) with context path ''
2020-11-10 09:33:05.562  INFO 14832 --- [main] com.example.blog.BlogApplication         : Started BlogApplication in 3.402 seconds (JVM running for 5.018)
2020-11-10 09:33:09.276  INFO 14832 --- [http-nio-8080-exec-1] o.a.c.c.C.[Tomcat].[localhost].[/]       : Initializing Spring DispatcherServlet 'dispatcherServlet'
2020-11-10 09:33:09.276  INFO 14832 --- [http-nio-8080-exec-1] o.s.web.servlet.DispatcherServlet        : Initializing Servlet 'dispatcherServlet'
2020-11-10 09:33:09.290  INFO 14832 --- [http-nio-8080-exec-1] o.s.web.servlet.DispatcherServlet        : Completed initialization in 13 ms
